<?xml version="1.0" encoding="UTF-8"?><testrun name="TestRunner" project="Base_Class" tests="25" started="25" failures="0" errors="2" ignored="24">
  <testsuite name="com.cucumber.runner.TestRunner" time="0.712">
    <testsuite name="Feature: Automation practice application smoke test automation scripts" time="0.712">
      <testsuite name="Scenario: verify the login functionality of the automation practise site" time="0.0">
        <testcase name="Given Launch the automation practise web application" classname="Scenario: verify the login functionality of the automation practise site" time="0.0" ignored="true"/>
        <testcase name="When user click on the sign In button in the home page" classname="Scenario: verify the login functionality of the automation practise site" time="0.0" ignored="true"/>
        <testcase name="When user should enter the email id in the email Id feild" classname="Scenario: verify the login functionality of the automation practise site" time="0.0" ignored="true"/>
        <testcase name="And User should enter the password in the password feild" classname="Scenario: verify the login functionality of the automation practise site" time="0.0" ignored="true"/>
        <testcase name="And the user should click on the sign in button in the create account page" classname="Scenario: verify the login functionality of the automation practise site" time="0.0" ignored="true"/>
      </testsuite>
      <testsuite name="Scenario: Verify the search functionality" time="0.0">
        <testcase name="Given User should be in home page" classname="Scenario: Verify the search functionality" time="0.0" ignored="true"/>
        <testcase name="When User should click on the dress button" classname="Scenario: Verify the search functionality" time="0.0" ignored="true"/>
        <testcase name="And User shoud click on the summer dresses" classname="Scenario: Verify the search functionality" time="0.0" ignored="true"/>
      </testsuite>
      <testsuite name="Scenario: Selecting the dress functionality" time="0.0">
        <testcase name="When user should click on the Quick view" classname="Scenario: Selecting the dress functionality" time="0.0" ignored="true"/>
      </testsuite>
      <testsuite name="Scenario: Verify the pop-up window functionality" time="0.0">
        <testcase name="Then user should verify the select dress is displayed in the page" classname="Scenario: Verify the pop-up window functionality" time="0.0" ignored="true"/>
        <testcase name="And the user should select the quantity" classname="Scenario: Verify the pop-up window functionality" time="0.0" ignored="true"/>
        <testcase name="And the user should select the color" classname="Scenario: Verify the pop-up window functionality" time="0.0" ignored="true"/>
        <testcase name="And the user should select the size" classname="Scenario: Verify the pop-up window functionality" time="0.0" ignored="true"/>
        <testcase name="And User should click on the add to cart button" classname="Scenario: Verify the pop-up window functionality" time="0.0" ignored="true"/>
      </testsuite>
      <testsuite name="Scenario: Verify the add to cart functionality" time="0.0">
        <testcase name="And the user should click on the proceed to checkout button" classname="Scenario: Verify the add to cart functionality" time="0.0" ignored="true"/>
      </testsuite>
      <testsuite name="Scenario: Verify the summary functionality" time="0.0">
        <testcase name="Given user should verify the the description" classname="Scenario: Verify the summary functionality" time="0.0" ignored="true"/>
        <testcase name="And the user should click on the proceed to check out" classname="Scenario: Verify the summary functionality" time="0.0" ignored="true"/>
      </testsuite>
      <testsuite name="Scenario: Verify the shipping functionality" time="0.0">
        <testcase name="And the user should  check the checkox of the terms of services" classname="Scenario: Verify the shipping functionality" time="0.0" ignored="true"/>
        <testcase name="And user should click on the proceed to checkout button" classname="Scenario: Verify the shipping functionality" time="0.0" ignored="true"/>
      </testsuite>
      <testsuite name="Scenario: verify the address functionality" time="0.004" incomplete="true">
        <error>cucumber.api.PendingException: TODO: implement me&#13;
	at cucumber.runtime.junit.JUnitReporter.addFailure(JUnitReporter.java:150)&#13;
	at cucumber.runtime.junit.JUnitReporter.addFailureOrIgnoreStep(JUnitReporter.java:138)&#13;
	at cucumber.runtime.junit.JUnitReporter.result(JUnitReporter.java:98)&#13;
	at cucumber.runtime.Runtime.runStep(Runtime.java:282)&#13;
	at cucumber.runtime.model.StepContainer.runStep(StepContainer.java:44)&#13;
	at cucumber.runtime.model.StepContainer.runSteps(StepContainer.java:39)&#13;
	at cucumber.runtime.model.CucumberScenario.run(CucumberScenario.java:44)&#13;
	at cucumber.runtime.junit.ExecutionUnitRunner.run(ExecutionUnitRunner.java:102)&#13;
	at cucumber.runtime.junit.FeatureRunner.runChild(FeatureRunner.java:63)&#13;
	at cucumber.runtime.junit.FeatureRunner.runChild(FeatureRunner.java:18)&#13;
	at org.junit.runners.ParentRunner$3.run(ParentRunner.java:290)&#13;
	at org.junit.runners.ParentRunner$1.schedule(ParentRunner.java:71)&#13;
	at org.junit.runners.ParentRunner.runChildren(ParentRunner.java:288)&#13;
	at org.junit.runners.ParentRunner.access$000(ParentRunner.java:58)&#13;
	at org.junit.runners.ParentRunner$2.evaluate(ParentRunner.java:268)&#13;
	at org.junit.runners.ParentRunner.run(ParentRunner.java:363)&#13;
	at cucumber.runtime.junit.FeatureRunner.run(FeatureRunner.java:70)&#13;
	at cucumber.api.junit.Cucumber.runChild(Cucumber.java:95)&#13;
	at cucumber.api.junit.Cucumber.runChild(Cucumber.java:38)&#13;
	at org.junit.runners.ParentRunner$3.run(ParentRunner.java:290)&#13;
	at org.junit.runners.ParentRunner$1.schedule(ParentRunner.java:71)&#13;
	at org.junit.runners.ParentRunner.runChildren(ParentRunner.java:288)&#13;
	at org.junit.runners.ParentRunner.access$000(ParentRunner.java:58)&#13;
	at org.junit.runners.ParentRunner$2.evaluate(ParentRunner.java:268)&#13;
	at org.junit.internal.runners.statements.RunBefores.evaluate(RunBefores.java:26)&#13;
	at org.junit.internal.runners.statements.RunAfters.evaluate(RunAfters.java:27)&#13;
	at org.junit.runners.ParentRunner.run(ParentRunner.java:363)&#13;
	at cucumber.api.junit.Cucumber.run(Cucumber.java:100)&#13;
	at org.eclipse.jdt.internal.junit4.runner.JUnit4TestReference.run(JUnit4TestReference.java:86)&#13;
	at org.eclipse.jdt.internal.junit.runner.TestExecution.run(TestExecution.java:38)&#13;
	at org.eclipse.jdt.internal.junit.runner.RemoteTestRunner.runTests(RemoteTestRunner.java:538)&#13;
	at org.eclipse.jdt.internal.junit.runner.RemoteTestRunner.runTests(RemoteTestRunner.java:760)&#13;
	at org.eclipse.jdt.internal.junit.runner.RemoteTestRunner.run(RemoteTestRunner.java:460)&#13;
	at org.eclipse.jdt.internal.junit.runner.RemoteTestRunner.main(RemoteTestRunner.java:206)&#13;
&#13;
</error>
        <testcase name="When user should click on the address checkbox" classname="Scenario: verify the address functionality" time="0.0" ignored="true"/>
        <testcase name="Then user should verify the billing address and delivery address" classname="Scenario: verify the address functionality" time="0.004" ignored="true"/>
        <testcase name="And the user should click on the proceed to  second check out" classname="Scenario: verify the address functionality" time="0.0">
          <error>cucumber.api.PendingException: TODO: implement me&#13;
	at cucumber.runtime.junit.JUnitReporter.addFailure(JUnitReporter.java:150)&#13;
	at cucumber.runtime.junit.JUnitReporter.addFailureOrIgnoreStep(JUnitReporter.java:138)&#13;
	at cucumber.runtime.junit.JUnitReporter.result(JUnitReporter.java:98)&#13;
	at cucumber.runtime.Runtime.runStep(Runtime.java:282)&#13;
	at cucumber.runtime.model.StepContainer.runStep(StepContainer.java:44)&#13;
	at cucumber.runtime.model.StepContainer.runSteps(StepContainer.java:39)&#13;
	at cucumber.runtime.model.CucumberScenario.run(CucumberScenario.java:44)&#13;
	at cucumber.runtime.junit.ExecutionUnitRunner.run(ExecutionUnitRunner.java:102)&#13;
	at cucumber.runtime.junit.FeatureRunner.runChild(FeatureRunner.java:63)&#13;
	at cucumber.runtime.junit.FeatureRunner.runChild(FeatureRunner.java:18)&#13;
	at org.junit.runners.ParentRunner$3.run(ParentRunner.java:290)&#13;
	at org.junit.runners.ParentRunner$1.schedule(ParentRunner.java:71)&#13;
	at org.junit.runners.ParentRunner.runChildren(ParentRunner.java:288)&#13;
	at org.junit.runners.ParentRunner.access$000(ParentRunner.java:58)&#13;
	at org.junit.runners.ParentRunner$2.evaluate(ParentRunner.java:268)&#13;
	at org.junit.runners.ParentRunner.run(ParentRunner.java:363)&#13;
	at cucumber.runtime.junit.FeatureRunner.run(FeatureRunner.java:70)&#13;
	at cucumber.api.junit.Cucumber.runChild(Cucumber.java:95)&#13;
	at cucumber.api.junit.Cucumber.runChild(Cucumber.java:38)&#13;
	at org.junit.runners.ParentRunner$3.run(ParentRunner.java:290)&#13;
	at org.junit.runners.ParentRunner$1.schedule(ParentRunner.java:71)&#13;
	at org.junit.runners.ParentRunner.runChildren(ParentRunner.java:288)&#13;
	at org.junit.runners.ParentRunner.access$000(ParentRunner.java:58)&#13;
	at org.junit.runners.ParentRunner$2.evaluate(ParentRunner.java:268)&#13;
	at org.junit.internal.runners.statements.RunBefores.evaluate(RunBefores.java:26)&#13;
	at org.junit.internal.runners.statements.RunAfters.evaluate(RunAfters.java:27)&#13;
	at org.junit.runners.ParentRunner.run(ParentRunner.java:363)&#13;
	at cucumber.api.junit.Cucumber.run(Cucumber.java:100)&#13;
	at org.eclipse.jdt.internal.junit4.runner.JUnit4TestReference.run(JUnit4TestReference.java:86)&#13;
	at org.eclipse.jdt.internal.junit.runner.TestExecution.run(TestExecution.java:38)&#13;
	at org.eclipse.jdt.internal.junit.runner.RemoteTestRunner.runTests(RemoteTestRunner.java:538)&#13;
	at org.eclipse.jdt.internal.junit.runner.RemoteTestRunner.runTests(RemoteTestRunner.java:760)&#13;
	at org.eclipse.jdt.internal.junit.runner.RemoteTestRunner.run(RemoteTestRunner.java:460)&#13;
	at org.eclipse.jdt.internal.junit.runner.RemoteTestRunner.main(RemoteTestRunner.java:206)&#13;
&#13;
</error>
        </testcase>
      </testsuite>
      <testsuite name="Scenario: Payment functionality" time="0.0">
        <testcase name="When user should click the pay by bank wire" classname="Scenario: Payment functionality" time="0.0" ignored="true"/>
        <testcase name="And the user should click on the confirm my order button" classname="Scenario: Payment functionality" time="0.0" ignored="true"/>
      </testsuite>
      <testsuite name="Scenario: verify the logout button is displayed" time="0.672">
        <testcase name="And user shoud click on the log out button" classname="Scenario: verify the logout button is displayed" time="0.672" ignored="true"/>
      </testsuite>
    </testsuite>
  </testsuite>
</testrun>
