<?xml version="1.0" encoding="UTF-8"?><testrun name="TestRunner" project="Base_Class" tests="13" started="0" failures="0" errors="2" ignored="0">
  <testsuite name="com.cucumber.runner.TestRunner" incomplete="true">
    <error>java.lang.Exception: Invalid&#13;
	at com.cucumber.baseclass.Base.getDriver(Base.java:48)&#13;
	at com.cucumber.runner.TestRunner.driverIntialization(TestRunner.java:25)&#13;
	at sun.reflect.NativeMethodAccessorImpl.invoke0(Native Method)&#13;
	at sun.reflect.NativeMethodAccessorImpl.invoke(Unknown Source)&#13;
	at sun.reflect.DelegatingMethodAccessorImpl.invoke(Unknown Source)&#13;
	at java.lang.reflect.Method.invoke(Unknown Source)&#13;
	at org.junit.runners.model.FrameworkMethod$1.runReflectiveCall(FrameworkMethod.java:50)&#13;
	at org.junit.internal.runners.model.ReflectiveCallable.run(ReflectiveCallable.java:12)&#13;
	at org.junit.runners.model.FrameworkMethod.invokeExplosively(FrameworkMethod.java:47)&#13;
	at org.junit.internal.runners.statements.RunBefores.evaluate(RunBefores.java:24)&#13;
	at org.junit.internal.runners.statements.RunAfters.evaluate(RunAfters.java:27)&#13;
	at org.junit.runners.ParentRunner.run(ParentRunner.java:363)&#13;
	at cucumber.api.junit.Cucumber.run(Cucumber.java:100)&#13;
	at org.eclipse.jdt.internal.junit4.runner.JUnit4TestReference.run(JUnit4TestReference.java:86)&#13;
	at org.eclipse.jdt.internal.junit.runner.TestExecution.run(TestExecution.java:38)&#13;
	at org.eclipse.jdt.internal.junit.runner.RemoteTestRunner.runTests(RemoteTestRunner.java:538)&#13;
	at org.eclipse.jdt.internal.junit.runner.RemoteTestRunner.runTests(RemoteTestRunner.java:760)&#13;
	at org.eclipse.jdt.internal.junit.runner.RemoteTestRunner.run(RemoteTestRunner.java:460)&#13;
	at org.eclipse.jdt.internal.junit.runner.RemoteTestRunner.main(RemoteTestRunner.java:206)&#13;
&#13;
java.lang.NullPointerException&#13;
	at com.cucumber.runner.TestRunner.driverQuit(TestRunner.java:31)&#13;
	at sun.reflect.NativeMethodAccessorImpl.invoke0(Native Method)&#13;
	at sun.reflect.NativeMethodAccessorImpl.invoke(Unknown Source)&#13;
	at sun.reflect.DelegatingMethodAccessorImpl.invoke(Unknown Source)&#13;
	at java.lang.reflect.Method.invoke(Unknown Source)&#13;
	at org.junit.runners.model.FrameworkMethod$1.runReflectiveCall(FrameworkMethod.java:50)&#13;
	at org.junit.internal.runners.model.ReflectiveCallable.run(ReflectiveCallable.java:12)&#13;
	at org.junit.runners.model.FrameworkMethod.invokeExplosively(FrameworkMethod.java:47)&#13;
	at org.junit.internal.runners.statements.RunAfters.evaluate(RunAfters.java:33)&#13;
	at org.junit.runners.ParentRunner.run(ParentRunner.java:363)&#13;
	at cucumber.api.junit.Cucumber.run(Cucumber.java:100)&#13;
	at org.eclipse.jdt.internal.junit4.runner.JUnit4TestReference.run(JUnit4TestReference.java:86)&#13;
	at org.eclipse.jdt.internal.junit.runner.TestExecution.run(TestExecution.java:38)&#13;
	at org.eclipse.jdt.internal.junit.runner.RemoteTestRunner.runTests(RemoteTestRunner.java:538)&#13;
	at org.eclipse.jdt.internal.junit.runner.RemoteTestRunner.runTests(RemoteTestRunner.java:760)&#13;
	at org.eclipse.jdt.internal.junit.runner.RemoteTestRunner.run(RemoteTestRunner.java:460)&#13;
	at org.eclipse.jdt.internal.junit.runner.RemoteTestRunner.main(RemoteTestRunner.java:206)&#13;
&#13;
</error>
    <testsuite name="Feature: Facebook application smoke test automation testscript" incomplete="true">
      <testsuite name="Scenario: verify the login functionality with invalid credentials" incomplete="true">
        <testcase name="Given user should be in credential page" classname="Scenario: verify the login functionality with invalid credentials" incomplete="true"/>
        <testcase name="When user should enter the email" classname="Scenario: verify the login functionality with invalid credentials" incomplete="true"/>
        <testcase name="And user should enter the password" classname="Scenario: verify the login functionality with invalid credentials" incomplete="true"/>
        <testcase name="And user should click the login button" classname="Scenario: verify the login functionality with invalid credentials" incomplete="true"/>
      </testsuite>
    </testsuite>
    <testsuite name="Feature: Automation practice application smoke test automation scripts" incomplete="true">
      <testsuite name="Scenario: verify the login functionality of the automation practise site" incomplete="true">
        <testcase name="Given Launch the automation practise web application" classname="Scenario: verify the login functionality of the automation practise site" incomplete="true"/>
        <testcase name="Then verifiy the logo of the page is displayed" classname="Scenario: verify the login functionality of the automation practise site" incomplete="true"/>
        <testcase name="And verify the page title in homepage" classname="Scenario: verify the login functionality of the automation practise site" incomplete="true"/>
        <testcase name="When user click on the sign In button in the home page" classname="Scenario: verify the login functionality of the automation practise site" incomplete="true"/>
        <testcase name="Then verify the create account page is displayed" classname="Scenario: verify the login functionality of the automation practise site" incomplete="true"/>
        <testcase name="When user should enter the email id in the email Id feild" classname="Scenario: verify the login functionality of the automation practise site" incomplete="true"/>
        <testcase name="And User should enter the password in the password feild" classname="Scenario: verify the login functionality of the automation practise site" incomplete="true"/>
        <testcase name="And the user should click on the sign in button in the create account page" classname="Scenario: verify the login functionality of the automation practise site" incomplete="true"/>
      </testsuite>
      <testsuite name="Scenario: verify the logout button is displayed" incomplete="true">
        <testcase name="And user shoud click on the log out button" classname="Scenario: verify the logout button is displayed" incomplete="true"/>
      </testsuite>
    </testsuite>
  </testsuite>
</testrun>
